<?xml version="1.0" encoding="UTF-8"?>
<!-- Generated by org.testng.reporters.JUnitReportReporter -->
<testsuite hostname="OJUSPUSHPARAJ" failures="0" tests="1" name="testscripts.LoginTest" time="11.970" errors="0" timestamp="2024-12-11T07:26:09 IST" skipped="0">
  <testcase classname="testscripts.LoginTest" name="verifyUserAbleToLoginWithValidUsernameAndValidPassword" time="11.970"/>
</testsuite> <!-- testscripts.LoginTest -->
