<?xml version="1.0" encoding="UTF-8"?>
<!-- Generated by org.testng.reporters.JUnitReportReporter -->
<testsuite hostname="OJUSPUSHPARAJ" failures="0" tests="1" name="testscripts.ManageCategoriesTest" time="14.714" errors="0" timestamp="2024-12-09T11:25:44 IST" skipped="0">
  <testcase classname="testscripts.ManageCategoriesTest" name="verifyUserAbleToEditAndViewOnManageCategories" time="14.714"/>
</testsuite> <!-- testscripts.ManageCategoriesTest -->
