<?xml version="1.0" encoding="UTF-8"?>
<!-- Generated by org.testng.reporters.JUnitReportReporter -->
<testsuite hostname="OJUSPUSHPARAJ" failures="0" tests="1" name="testscripts.ManageFootertextTest" time="27.346" errors="0" timestamp="2024-12-10T10:24:18 IST" skipped="0">
  <testcase classname="testscripts.ManageFootertextTest" name="verifyUserAbleViewOnManageFooterList" time="27.346"/>
</testsuite> <!-- testscripts.ManageFootertextTest -->
