<?xml version="1.0" encoding="UTF-8"?>
<!-- Generated by org.testng.reporters.JUnitReportReporter -->
<testsuite hostname="OJUSPUSHPARAJ" failures="0" tests="1" name="testscripts.Login" time="6.413" errors="0" timestamp="2024-11-28T18:14:13 IST" skipped="0">
  <testcase classname="testscripts.Login" name="invalidUserAndInvalidPass" time="6.413"/>
</testsuite> <!-- testscripts.Login -->
