<?xml version="1.0" encoding="UTF-8"?>
<!-- Generated by org.testng.reporters.JUnitReportReporter -->
<testsuite hostname="OJUSPUSHPARAJ" failures="0" tests="1" name="testscripts.SubCategoryTest" time="20.101" errors="0" timestamp="2024-12-12T12:07:16 IST" skipped="0">
  <testcase classname="testscripts.SubCategoryTest" name="verifyUserAbleToEditAndViewOnSubCategoryList" time="20.101"/>
</testsuite> <!-- testscripts.SubCategoryTest -->
