<?xml version="1.0" encoding="UTF-8"?>
<!-- Generated by org.testng.reporters.JUnitReportReporter -->
<testsuite hostname="OJUSPUSHPARAJ" failures="0" tests="1" name="testscripts.ManageCategoriesTest" time="8.930" errors="0" timestamp="2024-12-12T11:06:45 IST" skipped="0">
  <testcase classname="testscripts.ManageCategoriesTest" name="verifyUserAbleToEditAndViewOnManageCategories" time="8.930"/>
</testsuite> <!-- testscripts.ManageCategoriesTest -->
