<?xml version="1.0" encoding="UTF-8"?>
<!-- Generated by org.testng.reporters.JUnitReportReporter -->
<testsuite hostname="OJUSPUSHPARAJ" failures="0" tests="1" name="testscripts.AdminUsersTest" time="9.044" errors="0" timestamp="2024-12-12T11:00:51 IST" skipped="0">
  <testcase classname="testscripts.AdminUsersTest" name="verifyUserAbleToEditAndViewOnAdminUserList" time="9.044"/>
</testsuite> <!-- testscripts.AdminUsersTest -->
