<?xml version="1.0" encoding="UTF-8"?>
<!-- Generated by org.testng.reporters.JUnitReportReporter -->
<testsuite hostname="OJUSPUSHPARAJ" failures="0" tests="1" name="testscripts.AdminUsersSearchTest" time="10.405" errors="0" timestamp="2024-12-10T11:58:23 IST" skipped="0">
  <testcase classname="testscripts.AdminUsersSearchTest" name="verifyUserAbleToSearchOnAdminUserList" time="10.405"/>
</testsuite> <!-- testscripts.AdminUsersSearchTest -->
