<?xml version="1.0" encoding="UTF-8"?>
<!-- Generated by org.testng.reporters.JUnitReportReporter -->
<testsuite hostname="OJUSPUSHPARAJ" failures="0" tests="1" name="testscripts.AdminUsersTest" time="20.480" errors="0" timestamp="2024-12-09T10:53:59 IST" skipped="0">
  <testcase classname="testscripts.AdminUsersTest" name="verifyUserAbleToEditAndViewOnAdminUserList" time="20.480"/>
</testsuite> <!-- testscripts.AdminUsersTest -->
