<?xml version="1.0" encoding="UTF-8"?>
<!-- Generated by org.testng.reporters.JUnitReportReporter -->
<testsuite hostname="OJUSPUSHPARAJ" failures="0" tests="1" name="testscripts.ManageFootertextTest" time="13.276" errors="0" timestamp="2024-12-12T11:15:14 IST" skipped="0">
  <testcase classname="testscripts.ManageFootertextTest" name="verifyUserAbleViewOnManageFooterList" time="13.276"/>
</testsuite> <!-- testscripts.ManageFootertextTest -->
