<?xml version="1.0" encoding="UTF-8"?>
<!-- Generated by org.testng.reporters.JUnitReportReporter -->
<testsuite hostname="OJUSPUSHPARAJ" failures="0" tests="3" name="testscripts.LoginTest" time="114.253" errors="0" timestamp="2024-12-12T11:28:55 IST" skipped="1">
  <testcase classname="testscripts.LoginTest" name="verifyUserAbleToLoginWithValidUsernameAndValidPassword" time="73.450"/>
  <testcase classname="testscripts.LoginTest" name="verifyUserAbleToLoginWithValidUsernameAndValidPassword" time="21.383">
    <skipped/>
  </testcase> <!-- verifyUserAbleToLoginWithValidUsernameAndValidPassword -->
  <testcase classname="testscripts.LoginTest" name="verifyUserAbleTologinWithInvalidUsername" time="19.420"/>
</testsuite> <!-- testscripts.LoginTest -->
