<?xml version="1.0" encoding="UTF-8"?>
<!-- Generated by org.testng.reporters.JUnitReportReporter -->
<testsuite hostname="OJUSPUSHPARAJ" failures="0" tests="1" name="testscripts.ManageContactTest" time="7.577" errors="0" timestamp="2024-12-12T10:41:17 IST" skipped="0">
  <testcase classname="testscripts.ManageContactTest" name="verifyUserAbleViewOnManageContactList" time="7.577"/>
</testsuite> <!-- testscripts.ManageContactTest -->
