<?xml version="1.0" encoding="UTF-8"?>
<!-- Generated by org.testng.reporters.JUnitReportReporter -->
<testsuite hostname="OJUSPUSHPARAJ" failures="0" tests="2" name="testscripts.LoginTest" time="11.869" errors="0" timestamp="2024-12-06T12:45:53 IST" skipped="0">
  <testcase classname="testscripts.LoginTest" name="verifyUserAbleToLoginWithValidUsernameAndValidPassword" time="6.980"/>
  <testcase classname="testscripts.LoginTest" name="verifyUserAbleTologinWithInvalidUsername" time="4.889"/>
</testsuite> <!-- testscripts.LoginTest -->
