<?xml version="1.0" encoding="UTF-8"?>
<!-- Generated by org.testng.reporters.JUnitReportReporter -->
<testsuite hostname="OJUSPUSHPARAJ" failures="0" tests="2" name="testscripts.LoginTest" time="25.307" errors="0" timestamp="2024-12-09T11:12:09 IST" skipped="0">
  <testcase classname="testscripts.LoginTest" name="verifyUserAbleToLoginWithInvalidUsernameAndInvalidPassword" time="11.457"/>
  <testcase classname="testscripts.LoginTest" name="verifyUserAbleToLoginWithInvalidUsernameAndInvalidPassword" time="13.850"/>
</testsuite> <!-- testscripts.LoginTest -->
