<?xml version="1.0" encoding="UTF-8"?>
<!-- Generated by org.testng.reporters.JUnitReportReporter -->
<testsuite hostname="OJUSPUSHPARAJ" failures="0" tests="1" name="testscripts.ManageProductTest" time="8.159" errors="0" timestamp="2024-12-12T10:50:17 IST" skipped="0">
  <testcase classname="testscripts.ManageProductTest" name="verifyUserAbleViewOnManageFooterList" time="8.159"/>
</testsuite> <!-- testscripts.ManageProductTest -->
