<?xml version="1.0" encoding="UTF-8"?>
<!-- Generated by org.testng.reporters.JUnitReportReporter -->
<testsuite hostname="OJUSPUSHPARAJ" failures="0" tests="1" name="testscripts.ManageNewsTest" time="8.890" errors="0" timestamp="2024-12-12T10:45:06 IST" skipped="0">
  <testcase classname="testscripts.ManageNewsTest" name="verifyUserAbleToEditAndViewOnManageNewsList" time="8.890"/>
</testsuite> <!-- testscripts.ManageNewsTest -->
