<?xml version="1.0" encoding="UTF-8"?>
<!-- Generated by org.testng.reporters.JUnitReportReporter -->
<testsuite hostname="OJUSPUSHPARAJ" failures="0" tests="1" name="testscripts.ManageProductTest" time="14.240" errors="0" timestamp="2024-12-09T18:19:06 IST" skipped="0">
  <testcase classname="testscripts.ManageProductTest" name="verifyUserAbleViewOnManageFooterList" time="14.240"/>
</testsuite> <!-- testscripts.ManageProductTest -->
