<?xml version="1.0" encoding="UTF-8"?>
<!-- Generated by org.testng.reporters.JUnitReportReporter -->
<testsuite hostname="OJUSPUSHPARAJ" failures="0" tests="1" name="testscripts.ManageContactTest" time="13.361" errors="0" timestamp="2024-12-09T11:18:49 IST" skipped="0">
  <testcase classname="testscripts.ManageContactTest" name="verifyUserAbleViewOnManageContactList" time="13.361"/>
</testsuite> <!-- testscripts.ManageContactTest -->
