<?xml version="1.0" encoding="UTF-8"?>
<!-- Generated by org.testng.reporters.JUnitReportReporter -->
<testsuite hostname="OJUSPUSHPARAJ" failures="0" tests="1" name="testscripts.ManageNewsTest" time="15.423" errors="0" timestamp="2024-12-09T11:16:41 IST" skipped="0">
  <testcase classname="testscripts.ManageNewsTest" name="verifyUserAbleToEditAndViewOnManageNewsList" time="15.423"/>
</testsuite> <!-- testscripts.ManageNewsTest -->
