<?xml version="1.0" encoding="UTF-8"?>
<!-- Generated by org.testng.reporters.JUnitReportReporter -->
<testsuite hostname="OJUSPUSHPARAJ" failures="0" tests="1" name="testscripts.AdminUsersSearchTest" time="7.965" errors="0" timestamp="2024-12-12T10:55:27 IST" skipped="0">
  <testcase classname="testscripts.AdminUsersSearchTest" name="verifyUserAbleToSearchOnAdminUserList" time="7.965"/>
</testsuite> <!-- testscripts.AdminUsersSearchTest -->
