<?xml version="1.0" encoding="UTF-8"?>
<!-- Generated by org.testng.reporters.JUnitReportReporter -->
<testsuite hostname="OJUSPUSHPARAJ" failures="0" tests="1" name="testscripts.SubCategoryTest" time="11.377" errors="0" timestamp="2024-12-09T16:30:27 IST" skipped="0">
  <testcase classname="testscripts.SubCategoryTest" name="verifyUserAbleToEditAndViewOnSubCategoryList" time="11.377"/>
</testsuite> <!-- testscripts.SubCategoryTest -->
