<?xml version="1.0" encoding="UTF-8"?>
<!-- Generated by org.testng.reporters.JUnitReportReporter -->
<testsuite hostname="OJUSPUSHPARAJ" failures="0" tests="1" name="testscripts.ListCategoriesTest" time="8.769" errors="0" timestamp="2024-11-29T19:58:27 IST" skipped="0">
  <testcase classname="testscripts.ListCategoriesTest" name="verifyUserAbleToSearchInListCategories" time="8.769"/>
</testsuite> <!-- testscripts.ListCategoriesTest -->
