<?xml version="1.0" encoding="UTF-8"?>
<!-- Generated by org.testng.reporters.JUnitReportReporter -->
<testsuite hostname="OJUSPUSHPARAJ" failures="0" tests="1" name="testscripts.AdminUsersTest" time="10.933" errors="0" timestamp="2024-12-10T11:08:22 IST" skipped="0">
  <testcase classname="testscripts.AdminUsersTest" name="verifyUserAbleToEditAndViewOnAdminUserList" time="10.933"/>
</testsuite> <!-- testscripts.AdminUsersTest -->
