<?xml version="1.0" encoding="UTF-8"?>
<!-- Generated by org.testng.reporters.JUnitReportReporter -->
<testsuite hostname="OJUSPUSHPARAJ" failures="0" tests="1" name="testscripts.CategoryTest" time="13.492" errors="0" timestamp="2024-12-12T11:30:37 IST" skipped="0">
  <testcase classname="testscripts.CategoryTest" name="verifyUserAbleToEditAndViewCategory" time="13.492"/>
</testsuite> <!-- testscripts.CategoryTest -->
